<?xml version="1.0" encoding="UTF-8"?>
<!-- Generated by org.testng.reporters.JUnitXMLReporter -->
<testsuite hostname="DESKTOP-CPNL6G4" ignored="0" name="Run On EDGE CHROMIUM" tests="2" failures="0" timestamp="09 Jun 2021 15:24:41 GMT" time="0.018" errors="0">
  <testcase name="@BeforeClass beforeClass" time="0.0" classname="com.wordpress.posts.Level_04_Login_Multi_Browser">
    <failure type="org.testng.TestNGException" message="
Parameter &amp;apos;browser&amp;apos; is required by BeforeClass on method beforeClass but has not been marked @Optional or defined
in D:\AutomationTesting\03 - Hybrid Framework\resources\runnopCommerce.xml">
      <![CDATA[org.testng.TestNGException: 
Parameter 'browser' is required by BeforeClass on method beforeClass but has not been marked @Optional or defined
in D:\AutomationTesting\03 - Hybrid Framework\resources\runnopCommerce.xml
... Removed 23 stack frames]]>
    </failure>
  </testcase> <!-- @BeforeClass beforeClass -->
  <testcase name="@BeforeMethod beforeMethod" time="0.0" classname="com.wordpress.posts.Level_04_Login_Multi_Browser">
    <skipped/>
  </testcase> <!-- @BeforeMethod beforeMethod -->
  <testcase name="@BeforeMethod beforeMethod" time="0.0" classname="com.wordpress.posts.Level_04_Login_Multi_Browser">
    <skipped/>
  </testcase> <!-- @BeforeMethod beforeMethod -->
  <testcase name="@AfterClass afterClass" time="0.0" classname="com.wordpress.posts.Level_04_Login_Multi_Browser">
    <skipped/>
  </testcase> <!-- @AfterClass afterClass -->
  <testcase name="Login_01_Empty_Email_Username" time="0.0" classname="com.wordpress.posts.Level_04_Login_Multi_Browser">
    <skipped/>
  </testcase> <!-- Login_01_Empty_Email_Username -->
  <testcase name="Login_07_Valid_Email_Password" time="0.0" classname="com.wordpress.posts.Level_04_Login_Multi_Browser">
    <skipped/>
  </testcase> <!-- Login_07_Valid_Email_Password -->
</testsuite> <!-- Run On EDGE CHROMIUM -->
