<?xml version="1.0" encoding="UTF-8"?>
<!-- Generated by org.testng.reporters.JUnitXMLReporter -->
<testsuite ignored="0" hostname="LAPTOP-0FHHM1GV" failures="0" tests="2" name="Run on Firefox" time="0.118" errors="0" timestamp="23 Sep 2021 11:06:33 GMT">
  <testcase classname="com.wordpress.posts.Level_12_Assert_Verify" name="@BeforeClass beforeClass" time="0.0">
    <failure type="org.testng.TestNGException" message="
Parameter &amp;apos;browser&amp;apos; is required by BeforeClass on method beforeClass but has not been marked @Optional or defined
in D:\OnlineSelenium\hybrid-framework-wordpress\resources\runWordPressUserAdmin.xml">
      <![CDATA[org.testng.TestNGException: 
Parameter 'browser' is required by BeforeClass on method beforeClass but has not been marked @Optional or defined
in D:\OnlineSelenium\hybrid-framework-wordpress\resources\runWordPressUserAdmin.xml
... Removed 23 stack frames]]>
    </failure>
  </testcase> <!-- @BeforeClass beforeClass -->
  <testcase classname="com.wordpress.posts.Level_12_Assert_Verify" name="@AfterClass afterClass" time="0.0">
    <skipped/>
  </testcase> <!-- @AfterClass afterClass -->
  <testcase classname="com.wordpress.posts.Level_12_Assert_Verify" name="Login_01_Assert" time="0.0">
    <skipped/>
  </testcase> <!-- Login_01_Assert -->
  <testcase classname="com.wordpress.posts.Level_12_Assert_Verify" name="Login_02_Verify" time="0.0">
    <skipped/>
  </testcase> <!-- Login_02_Verify -->
</testsuite> <!-- Run on Firefox -->
